# date 2002-06-04
# title "ssgpb"
# source NG1
# spec ssgpb001.ng1*1.0(0.0) ssgpb002.ng1*1.0(0.0) ssgpb003.ng1*1.0(0.0) ssgpb005.ng1*1.0(0.0) ssgpb006.ng1*1.0(0.0) ssgpb020.ng1*1.0(0.0) ssgpb021.ng1*1.0(0.0) ssgpb022.ng1*1.0(0.0) ssgpb024.ng1*1.0(0.0) ssgpb025.ng1*1.0(0.0) ssgpb027.ng1*1.0(0.0) ssgpb028.ng1*1.0(0.0) ssgpb029.ng1*1.0(0.0) ssgpb031.ng1*1.0(0.0) ssgpb032.ng1*1.0(0.0) ssgpb034.ng1*1.0(0.0) ssgpb035.ng1*1.0(0.0) ssgpb036.ng1*1.0(0.0) ssgpb038.ng1*1.0(0.0) ssgpb039.ng1*1.0(0.0)
# back {ssgpb014.ng1*1.0(0.0) [excluding 0-origin 3]} ssgpb015.ng1*1.0(0.0) ssgpb016.ng1*1.0(0.0) ssgpb017.ng1*1.0(0.0) ssgpb018.ng1*1.0(0.0)
# back ssgpb008.ng1*1.0(0.0) ssgpb009.ng1*1.0(0.0) ssgpb010.ng1*1.0(0.0) ssgpb011.ng1*1.0(0.0) ssgpb012.ng1*1.0(0.0)
# slit i5282001.ng1*122.1341(0.0) i5282002.ng1*122.1241(0.0) i5282003.ng1*122.1241(0.0) i5282004.ng1*122.1241(0.0) i5282006.ng1*1.0(0.0)
# columns x logy dlogy
0.00738776445275 0.0 0.00774913637903
0.00784949841594 0.0 0.0077481579598
0.00831123214002 0.0 0.00774721256591
0.00877296561093 0.0 0.00774671080085
0.0092346988146 0.0 0.0011197143833
0.00969643173697 -0.0827883317369 0.00112530549423
0.010158164364 -0.178284200472 0.00116828126105
0.0106198966815 -0.33730048169 0.00125966514429
0.0110816286756 -0.472229192134 0.00136064251925
0.0115433603321 -0.564390096218 0.00144411451943
0.0120050916369 -0.64522870836 0.00152828851234
0.0124668225761 -0.71142754582 0.00160535559128
0.0129285531355 -0.774438546421 0.00168608715896
0.0133902833011 -0.834256255654 0.00176973294577
0.0138520130588 -0.886187911065 0.00184788866984
0.0143137423945 -0.937066551365 0.00193301889224
0.0147754712942 -0.989633000365 0.00202798326172
0.0152371997438 -1.03489118218 0.00211585250843
0.0156989277293 -1.07832025198 0.00220580743309
0.0161606552366 -1.11826634423 0.00229371887806
0.0166223822515 -1.16447494743 0.00240189114368
0.0170841087602 -1.21182256348 0.00252042024506
0.0175458347484 -1.24475663201 0.00260786478107
0.0180075602021 -1.28637291156 0.00272432956558
0.0184692851073 -1.33062923179 0.00285601854681
0.0189310094499 -1.3650296989 0.00295835904545
0.0193927332158 -1.40159429811 0.00307215590824
0.019854456391 -1.4337164442 0.00317549270962
0.0203161789614 -1.47211384803 0.00330538986855
0.0207779009129 -1.50775094621 0.0034306950341
0.0212396222315 -1.53184595521 0.00351591644268
0.0217013429031 -1.57451575893 0.00367840771333
0.0221630629136 -1.60112386176 0.00378065162115
0.022624782249 -1.63859915014 0.00393323551263
0.0230865008952 -1.68056759869 0.00280180770249
0.0235482188382 -1.70817390902 0.0160566608332
0.0240099360638 -1.73364703903 0.0158368178595
0.0244716525581 -1.77865357099 0.0156400832174
0.0249333683069 -1.7835787832 0.0158696688179
0.0253950832961 -1.81449673635 0.0156804683322
0.0258567975119 -1.84710134673 0.0153677350402
0.0263185109399 -1.89864959791 0.0151045077428
0.0267802235663 -1.91097602017 0.0152323516698
0.0272419353769 -1.91162212506 0.0157698878899
0.0277036463576 -1.96900188772 0.0151994846688
0.0281653564945 -2.04918802711 0.0145131979747
0.0286270657734 -2.0660457202 0.0145445325802
0.0290887741802 -2.11020895989 0.0143482107737
0.029550481701 -2.12185925549 0.0145344089633
0.0300121883216 -2.1588389713 0.0146172193407
0.0304738940279 -2.22786679018 0.013827829646
0.030935598806 -2.24604829041 0.0142491108058
0.0313973026418 -2.26192838504 0.0143849182462
0.0318590055211 -2.33386095297 0.0139926464239
0.0323207074299 -2.34681616997 0.0142601787914
0.0327824083542 -2.40435690993 0.0140214595731
0.0332441082799 -2.42420117865 0.0140709480516
0.0337058071929 -2.45110735541 0.0141170897896
0.0341675050792 -2.50980954398 0.013983573262
0.0346292019247 -2.52832014052 0.0143766485116
0.0350908977153 -2.56593169962 0.0139271545767
0.0355525924369 -2.58890896862 0.0143766063602
0.0360142860756 -2.67947100684 0.0141983621615
0.0364759786172 -2.7026516341 0.0144475133536
0.0369376700477 -2.73667571456 0.014423661235
0.0373993603531 -2.77409699453 0.0148005619559
0.0378610495191 -2.79657130814 0.0147294297076
0.0383227375319 -2.86454336723 0.0149835300655
0.0387844243772 -2.90667729676 0.0150903597116
0.0392461100412 -2.9525765808 0.0154485427991
0.0397077945096 -2.97480865001 0.0158958832532
0.0401694777685 -2.99645232229 0.0160577171428
0.0406311598037 -3.06834849293 0.0165899653171
0.0410928406012 -3.13918263785 0.017490245236
0.041554520147 -3.14979586114 0.0175020754589
0.042016198427 -3.23846965263 0.0180690354204
0.042477875427 -3.2259481672 0.017950564737
0.0429395511331 -3.25648069942 0.0187305322442
0.0434012255312 -3.29542548287 0.0190480785267
0.0438628986073 -3.37238476468 0.020281616328
0.0443245703471 -3.37845511683 0.0200622251125
0.0447862407368 -3.38910639347 0.0198541075336
0.0452479097622 -3.43295645399 0.0202225768441
0.0457095774093 -3.50042962953 0.021180092936
0.046171243664 -3.48103769036 0.012508329229
0.0470945719399 -3.56583070193 0.0167164147811
0.0480178944776 -3.58938871342 0.0167372590575
0.0489412111643 -3.6359918326 0.0174289660611
0.0498645218878 -3.72404562249 0.0184938143699
0.0507878265354 -3.72299624861 0.0183950188618
0.0517111249946 -3.72981577941 0.0182612880453
0.0526344171531 -3.71486709485 0.0176711278487
0.0535577028981 -3.74337241666 0.0178201648092
0.0544809821173 -3.68615835899 0.0166763417308
0.0554042546982 -3.70799861872 0.0168775314924
0.0563275205283 -3.71305506113 0.0167478430221
0.057250779495 -3.72177183897 0.0167238627884
0.0581740314859 -3.7117940949 0.0162736076087
0.0590972763884 -3.68546303104 0.0156065503149
0.0600205140901 -3.68583076571 0.0155561544273
0.0609437444785 -3.70870180669 0.015852097551
0.0618669674411 -3.71519394902 0.0157387888616
0.0627901828654 -3.70751544639 0.0154979993362
0.0637133906389 -3.74266509749 0.0157814144452
0.0646365906491 -3.75353277735 0.015915571191
0.0655597827835 -3.77507324265 0.0162299980358
0.0664829669297 -3.80411806645 0.0165847682455
0.0674061429751 -3.82757802167 0.0167998190737
0.0683293108073 -3.83698811001 0.0168253495145
0.0692524703138 -3.83055970659 0.01663763038
0.0701756213821 -3.88661738601 0.0175882864188
0.0710987638997 -3.92819780198 0.0179560267137
0.0720218977541 -3.97131093019 0.018391369482
0.0729450228329 -4.01274472593 0.019283052629
0.0738681390235 -4.04396341294 0.0198508027695
0.0747912462135 -4.05236962145 0.020166747057
0.0757143442905 -4.11735705637 0.0214168252261
0.0766374331419 -4.1788388718 0.0227238828622
0.0775605126552 -4.21115952758 0.0236000096632
0.078483582718 -4.27705524817 0.0252870284596
0.0794066432179 -4.34285119151 0.027338708199
0.0803296940423 -4.36137962801 0.0278971629743
0.0812527350787 -4.4046490163 0.0291257957008
0.0821757662148 -4.4222248555 0.029615529608
0.083098787338 -4.47611519815 0.0310297062931
0.0840217983358 -4.60558475929 0.0368415818839
0.0849447990959 -4.58435187973 0.0354921380013
0.0858677895056 -4.65019094635 0.0374678244828
0.0867907694527 -4.65565651821 0.0375584637822
0.0877137388246 -4.65744845249 0.037004646901
0.0886366975088 -4.66438329943 0.0369868301607
0.0895596453929 -4.64093329145 0.0353152396398
0.0904825823644 -4.60618934319 0.0332868802359
0.0914055083109 -4.73588278623 0.0383655175493
0.0923284231199 -4.60388266272 0.0151470328265
0.0941742188757 -4.56619786364 0.0158136253484
0.0960199687321 -4.50832019824 0.0145737039965
0.0978656717895 -4.4668545134 0.0137026806343
0.0997113271484 -4.44244965453 0.0130690525984
0.101556933909 -4.39398238504 0.0122229995014
0.103402491172 -4.39378543318 0.012073934956
0.105247998038 -4.38576314392 0.0118323038311
0.107093453608 -4.40368870501 0.0120354923011
0.108938856981 -4.43224327873 0.0123019358545
0.110784207259 -4.43059938449 0.0121922067059
0.112629503542 -4.47566860876 0.0126781934386
0.114474744931 -4.50475945081 0.0131108649943
0.116319930526 -4.57202630639 0.0141988920927
0.118165059429 -4.64450151307 0.0152650874728
0.120010130739 -4.69665785377 0.0163112961811
0.121855143557 -4.78565883146 0.0182200367059
0.123700096985 -4.89614609659 0.0209848111997
0.125544990123 -4.98277639499 0.023614711533
0.127389822072 -5.07033917688 0.0265800831825
0.129234591933 -5.23292025427 0.033636587954
0.131079298806 -5.38447946818 0.0427792515266
0.132923941793 -5.44322675512 0.0461763169779
0.134768519994 -5.53852258328 0.0539525315433
0.136613032511 -5.5543017428 0.0548900468603
0.138457478444 -5.52732093054 0.0514510415854
0.140301856894 -5.43009668037 0.0428275306187
0.142146166964 -5.34456438814 0.0365918542478
0.143990407753 -5.29128945691 0.0331908070546
0.145834578362 -5.23971484358 0.0302567127146
0.147678677894 -5.16574458744 0.0267500107028
0.149522705449 -5.11030549776 0.0244751098725
0.151366660129 -5.10193094514 0.0239639252516
0.153210541034 -5.09148116297 0.0232596702332
0.155054347266 -5.06157686842 0.0221105313026
0.156898077927 -5.03295887223 0.0212793694159
0.158741732117 -5.04334050171 0.0213853269672
0.160585308939 -5.05941994879 0.0217205328338
0.162428807493 -5.055532249 0.021428100518
0.164272226881 -5.05061757686 0.0211229946101
0.166115566205 -5.11791022368 0.022916314373
0.167958824567 -5.13406288325 0.0231576817336
0.169802001067 -5.24295778416 0.0267862446873
0.171645094808 -5.30632195212 0.0291448671288
0.173488104891 -5.32461199504 0.029480267781
0.175331030419 -5.45198058649 0.035282923317
0.177173870492 -5.45823690681 0.0352684642768
0.179016624212 -5.59202401914 0.0429668377941
0.180859290682 -5.66597020475 0.047714688917
0.182701869004 -5.74603310942 0.0542491541253
0.184544358278 -5.84102079419 0.0447531248239
0.186386757608 -5.99581284399 0.0695093798822
0.188229066096 -6.12653988469 0.0896204573188
0.190071282843 -6.12257479104 0.0895153191967
0.191913406951 -6.15930749133 0.0970393447871
0.193755437523 -6.17752314886 0.101149227487
0.195597373662 -6.1813894285 0.10201018778
0.197439214468 -5.95617935059 0.0658194663877
0.199280959045 -6.06396012246 0.0810661469436
0.201122606495 -6.03671734372 0.0768214590643
0.20296415592 -5.95016502918 0.0655236956031
0.204805606422 -5.89672496052 0.0586830513365
0.206646957105 -5.92702214766 0.0619805902858
0.208488207071 -5.80790401178 0.0492972451487
0.210329355422 -5.84499722377 0.0525780463784
0.212170401262 -5.7892565712 0.0473859777885
0.214011343692 -5.79209172981 0.0517016595347
0.215852181815 -5.7883167717 0.0514013202646
0.217692914735 -5.84828825468 0.0568987165897
0.219533541553 -5.71782940976 0.0449180423863
0.221374061374 -5.93064034367 0.0660457677446
0.2232144733 -5.84472223824 0.0555166068868
0.225054776434 -5.79747405746 0.0504832933841
0.226894969879 -5.83929531252 0.0535095553698
0.228735052737 -5.84952645045 0.0534954185328
0.230575024114 -5.83560952572 0.0518816116227
0.232414883111 -5.87644141261 0.0549004167346
0.234254628831 -5.95435678345 0.0626147526762
0.236094260379 -5.99528582663 0.0667006626239
0.237933776857 -5.96360312629 0.0618729881063
0.239773177369 -5.97641734763 0.0627398678366
0.241612461019 -5.94276790619 0.0598973729521
0.24345162691 -6.06077553851 0.075713484651
0.245290674145 -6.14325151133 0.0904247014537
0.247129601829 -6.14958863071 0.0930182808933
0.248968409064 -6.34833155611 0.14182649114
0.250807094956 -6.23598323419 0.114862362104
0.252645658607 -6.39713847782 0.163291959004
0.254484099122 -6.71997873244 0.335182492406
0.256322415604 -6.44369778803 0.185843119279
0.258160607158 -6.37812537827 0.163571072959
0.259998672888 -6.39500098087 0.168524102717
0.261836611897 -6.42504928199 0.180848880637
0.26367442329 -6.44392760031 0.186853781804
0.265512106172 -6.335473784 0.148608673393
0.267349659646 -6.40037552203 0.169672027559
0.269187082818 -6.22436442386 0.116175677826
0.27102437479 -6.27668179292 0.129843532362
0.272861534669 -6.18531884928 0.106579001791
0.274698561558 -6.16944630236 0.102976490329
0.276535454563 -6.18129798915 0.10595472556
0.278372212788 -6.33440070443 0.142256712605
0.280208835337 -6.1781937946 0.10087430397
0.282045321316 -6.23571540314 0.111477253204
0.28388166983 -6.22422878752 0.106715902021
0.285717879983 -6.15435385608 0.091574977281
0.28755395088 -6.21068293575 0.100205741213
0.289389881628 -6.16306210144 0.089791893626
0.29122567133 -6.19259278794 0.09328734476
0.293061319092 -6.23371082132 0.0993154104344
0.29489682402 -6.11656685882 0.0771366437368
0.296732185219 -6.09848765375 0.0734170138973
0.298567401794 -6.16788695612 0.0828749833973
0.300402472851 -6.25199594797 0.0961062414338
